2019-06-10 17:51:59.825+0000 INFO  ======== Neo4j 3.4.1 ========
2019-06-10 17:51:59.868+0000 INFO  Starting...
2019-06-10 17:52:02.341+0000 INFO  Bolt enabled on localhost:7472.
2019-06-10 17:52:04.109+0000 INFO  Started.
2019-06-10 17:52:05.015+0000 ERROR Failed to start Neo4j on localhost:7474: Address localhost:7474 is already in use, cannot bind to it.
2019-06-10 17:52:05.028+0000 INFO  Stopping...
2019-06-10 17:52:05.057+0000 INFO  Stopped.
2019-06-10 17:52:05.058+0000 ERROR Failed to start Neo4j: Starting Neo4j failed: Component 'org.neo4j.server.AbstractNeoServer$ServerComponentsLifecycleAdapter@3713bedc' was successfully initialized, but failed to start. Please see the attached cause exception "Address localhost:7474 is already in use, cannot bind to it.". Starting Neo4j failed: Component 'org.neo4j.server.AbstractNeoServer$ServerComponentsLifecycleAdapter@3713bedc' was successfully initialized, but failed to start. Please see the attached cause exception "Address localhost:7474 is already in use, cannot bind to it.".
org.neo4j.server.ServerStartupException: Starting Neo4j failed: Component 'org.neo4j.server.AbstractNeoServer$ServerComponentsLifecycleAdapter@3713bedc' was successfully initialized, but failed to start. Please see the attached cause exception "Address localhost:7474 is already in use, cannot bind to it.".
	at org.neo4j.server.exception.ServerStartupErrors.translateToServerStartupError(ServerStartupErrors.java:68)
	at org.neo4j.server.AbstractNeoServer.start(AbstractNeoServer.java:220)
	at org.neo4j.server.ServerBootstrapper.start(ServerBootstrapper.java:111)
	at org.neo4j.server.ServerBootstrapper.start(ServerBootstrapper.java:79)
	at org.neo4j.server.CommunityEntryPoint.main(CommunityEntryPoint.java:32)
Caused by: org.neo4j.kernel.lifecycle.LifecycleException: Component 'org.neo4j.server.AbstractNeoServer$ServerComponentsLifecycleAdapter@3713bedc' was successfully initialized, but failed to start. Please see the attached cause exception "Address localhost:7474 is already in use, cannot bind to it.".
	at org.neo4j.kernel.lifecycle.LifeSupport$LifecycleInstance.start(LifeSupport.java:466)
	at org.neo4j.kernel.lifecycle.LifeSupport.start(LifeSupport.java:107)
	at org.neo4j.server.AbstractNeoServer.start(AbstractNeoServer.java:212)
	... 3 more
Caused by: org.neo4j.helpers.PortBindException: Address localhost:7474 is already in use, cannot bind to it.
	at sun.nio.ch.Net.bind0(Native Method)
	at sun.nio.ch.Net.bind(Net.java:433)
	at sun.nio.ch.Net.bind(Net.java:425)
	at sun.nio.ch.ServerSocketChannelImpl.bind(ServerSocketChannelImpl.java:223)
	at sun.nio.ch.ServerSocketAdaptor.bind(ServerSocketAdaptor.java:74)
	at org.eclipse.jetty.server.ServerConnector.openAcceptChannel(ServerConnector.java:334)
	at org.eclipse.jetty.server.ServerConnector.open(ServerConnector.java:302)
	at org.eclipse.jetty.server.AbstractNetworkConnector.doStart(AbstractNetworkConnector.java:80)
	at org.eclipse.jetty.server.ServerConnector.doStart(ServerConnector.java:238)
	at org.eclipse.jetty.util.component.AbstractLifeCycle.start(AbstractLifeCycle.java:68)
	at org.eclipse.jetty.server.Server.doStart(Server.java:397)
	at org.eclipse.jetty.util.component.AbstractLifeCycle.start(AbstractLifeCycle.java:68)
	at org.neo4j.server.web.Jetty9WebServer.startJetty(Jetty9WebServer.java:320)
	at org.neo4j.server.web.Jetty9WebServer.start(Jetty9WebServer.java:152)
	at org.neo4j.server.AbstractNeoServer.startWebServer(AbstractNeoServer.java:321)
	at org.neo4j.server.AbstractNeoServer.access$700(AbstractNeoServer.java:102)
	at org.neo4j.server.AbstractNeoServer$ServerComponentsLifecycleAdapter.start(AbstractNeoServer.java:527)
	at org.neo4j.kernel.lifecycle.LifeSupport$LifecycleInstance.start(LifeSupport.java:445)
	... 5 more
2019-06-10 17:52:05.060+0000 INFO  Neo4j Server shutdown initiated by request
2019-06-11 16:28:31.939+0000 INFO  ======== Neo4j 3.4.1 ========
2019-06-11 16:28:32.013+0000 INFO  Starting...
2019-06-11 16:28:34.638+0000 INFO  Bolt enabled on localhost:7472.
2019-06-11 16:28:37.170+0000 INFO  Started.
2019-06-11 16:28:38.427+0000 ERROR Failed to start Neo4j on localhost:7474: Address localhost:7474 is already in use, cannot bind to it.
2019-06-11 16:28:38.446+0000 INFO  Stopping...
2019-06-11 16:28:38.495+0000 INFO  Stopped.
2019-06-11 16:28:38.497+0000 ERROR Failed to start Neo4j: Starting Neo4j failed: Component 'org.neo4j.server.AbstractNeoServer$ServerComponentsLifecycleAdapter@107ebdad' was successfully initialized, but failed to start. Please see the attached cause exception "Address localhost:7474 is already in use, cannot bind to it.". Starting Neo4j failed: Component 'org.neo4j.server.AbstractNeoServer$ServerComponentsLifecycleAdapter@107ebdad' was successfully initialized, but failed to start. Please see the attached cause exception "Address localhost:7474 is already in use, cannot bind to it.".
org.neo4j.server.ServerStartupException: Starting Neo4j failed: Component 'org.neo4j.server.AbstractNeoServer$ServerComponentsLifecycleAdapter@107ebdad' was successfully initialized, but failed to start. Please see the attached cause exception "Address localhost:7474 is already in use, cannot bind to it.".
	at org.neo4j.server.exception.ServerStartupErrors.translateToServerStartupError(ServerStartupErrors.java:68)
	at org.neo4j.server.AbstractNeoServer.start(AbstractNeoServer.java:220)
	at org.neo4j.server.ServerBootstrapper.start(ServerBootstrapper.java:111)
	at org.neo4j.server.ServerBootstrapper.start(ServerBootstrapper.java:79)
	at org.neo4j.server.CommunityEntryPoint.main(CommunityEntryPoint.java:32)
Caused by: org.neo4j.kernel.lifecycle.LifecycleException: Component 'org.neo4j.server.AbstractNeoServer$ServerComponentsLifecycleAdapter@107ebdad' was successfully initialized, but failed to start. Please see the attached cause exception "Address localhost:7474 is already in use, cannot bind to it.".
	at org.neo4j.kernel.lifecycle.LifeSupport$LifecycleInstance.start(LifeSupport.java:466)
	at org.neo4j.kernel.lifecycle.LifeSupport.start(LifeSupport.java:107)
	at org.neo4j.server.AbstractNeoServer.start(AbstractNeoServer.java:212)
	... 3 more
Caused by: org.neo4j.helpers.PortBindException: Address localhost:7474 is already in use, cannot bind to it.
	at sun.nio.ch.Net.bind0(Native Method)
	at sun.nio.ch.Net.bind(Net.java:433)
	at sun.nio.ch.Net.bind(Net.java:425)
	at sun.nio.ch.ServerSocketChannelImpl.bind(ServerSocketChannelImpl.java:223)
	at sun.nio.ch.ServerSocketAdaptor.bind(ServerSocketAdaptor.java:74)
	at org.eclipse.jetty.server.ServerConnector.openAcceptChannel(ServerConnector.java:334)
	at org.eclipse.jetty.server.ServerConnector.open(ServerConnector.java:302)
	at org.eclipse.jetty.server.AbstractNetworkConnector.doStart(AbstractNetworkConnector.java:80)
	at org.eclipse.jetty.server.ServerConnector.doStart(ServerConnector.java:238)
	at org.eclipse.jetty.util.component.AbstractLifeCycle.start(AbstractLifeCycle.java:68)
	at org.eclipse.jetty.server.Server.doStart(Server.java:397)
	at org.eclipse.jetty.util.component.AbstractLifeCycle.start(AbstractLifeCycle.java:68)
	at org.neo4j.server.web.Jetty9WebServer.startJetty(Jetty9WebServer.java:320)
	at org.neo4j.server.web.Jetty9WebServer.start(Jetty9WebServer.java:152)
	at org.neo4j.server.AbstractNeoServer.startWebServer(AbstractNeoServer.java:321)
	at org.neo4j.server.AbstractNeoServer.access$700(AbstractNeoServer.java:102)
	at org.neo4j.server.AbstractNeoServer$ServerComponentsLifecycleAdapter.start(AbstractNeoServer.java:527)
	at org.neo4j.kernel.lifecycle.LifeSupport$LifecycleInstance.start(LifeSupport.java:445)
	... 5 more
2019-06-11 16:28:38.499+0000 INFO  Neo4j Server shutdown initiated by request
2019-06-11 16:35:30.587+0000 INFO  ======== Neo4j 3.4.1 ========
2019-06-11 16:35:30.654+0000 INFO  Starting...
2019-06-11 16:35:33.563+0000 INFO  Bolt enabled on localhost:7472.
2019-06-11 16:35:36.266+0000 INFO  Started.
2019-06-11 16:35:37.737+0000 ERROR Failed to start Neo4j on localhost:7474: Address localhost:7474 is already in use, cannot bind to it.
2019-06-11 16:35:37.758+0000 INFO  Stopping...
2019-06-11 16:35:37.804+0000 INFO  Stopped.
2019-06-11 16:35:37.807+0000 ERROR Failed to start Neo4j: Starting Neo4j failed: Component 'org.neo4j.server.AbstractNeoServer$ServerComponentsLifecycleAdapter@107ebdad' was successfully initialized, but failed to start. Please see the attached cause exception "Address localhost:7474 is already in use, cannot bind to it.". Starting Neo4j failed: Component 'org.neo4j.server.AbstractNeoServer$ServerComponentsLifecycleAdapter@107ebdad' was successfully initialized, but failed to start. Please see the attached cause exception "Address localhost:7474 is already in use, cannot bind to it.".
org.neo4j.server.ServerStartupException: Starting Neo4j failed: Component 'org.neo4j.server.AbstractNeoServer$ServerComponentsLifecycleAdapter@107ebdad' was successfully initialized, but failed to start. Please see the attached cause exception "Address localhost:7474 is already in use, cannot bind to it.".
	at org.neo4j.server.exception.ServerStartupErrors.translateToServerStartupError(ServerStartupErrors.java:68)
	at org.neo4j.server.AbstractNeoServer.start(AbstractNeoServer.java:220)
	at org.neo4j.server.ServerBootstrapper.start(ServerBootstrapper.java:111)
	at org.neo4j.server.ServerBootstrapper.start(ServerBootstrapper.java:79)
	at org.neo4j.server.CommunityEntryPoint.main(CommunityEntryPoint.java:32)
Caused by: org.neo4j.kernel.lifecycle.LifecycleException: Component 'org.neo4j.server.AbstractNeoServer$ServerComponentsLifecycleAdapter@107ebdad' was successfully initialized, but failed to start. Please see the attached cause exception "Address localhost:7474 is already in use, cannot bind to it.".
	at org.neo4j.kernel.lifecycle.LifeSupport$LifecycleInstance.start(LifeSupport.java:466)
	at org.neo4j.kernel.lifecycle.LifeSupport.start(LifeSupport.java:107)
	at org.neo4j.server.AbstractNeoServer.start(AbstractNeoServer.java:212)
	... 3 more
Caused by: org.neo4j.helpers.PortBindException: Address localhost:7474 is already in use, cannot bind to it.
	at sun.nio.ch.Net.bind0(Native Method)
	at sun.nio.ch.Net.bind(Net.java:433)
	at sun.nio.ch.Net.bind(Net.java:425)
	at sun.nio.ch.ServerSocketChannelImpl.bind(ServerSocketChannelImpl.java:223)
	at sun.nio.ch.ServerSocketAdaptor.bind(ServerSocketAdaptor.java:74)
	at org.eclipse.jetty.server.ServerConnector.openAcceptChannel(ServerConnector.java:334)
	at org.eclipse.jetty.server.ServerConnector.open(ServerConnector.java:302)
	at org.eclipse.jetty.server.AbstractNetworkConnector.doStart(AbstractNetworkConnector.java:80)
	at org.eclipse.jetty.server.ServerConnector.doStart(ServerConnector.java:238)
	at org.eclipse.jetty.util.component.AbstractLifeCycle.start(AbstractLifeCycle.java:68)
	at org.eclipse.jetty.server.Server.doStart(Server.java:397)
	at org.eclipse.jetty.util.component.AbstractLifeCycle.start(AbstractLifeCycle.java:68)
	at org.neo4j.server.web.Jetty9WebServer.startJetty(Jetty9WebServer.java:320)
	at org.neo4j.server.web.Jetty9WebServer.start(Jetty9WebServer.java:152)
	at org.neo4j.server.AbstractNeoServer.startWebServer(AbstractNeoServer.java:321)
	at org.neo4j.server.AbstractNeoServer.access$700(AbstractNeoServer.java:102)
	at org.neo4j.server.AbstractNeoServer$ServerComponentsLifecycleAdapter.start(AbstractNeoServer.java:527)
	at org.neo4j.kernel.lifecycle.LifeSupport$LifecycleInstance.start(LifeSupport.java:445)
	... 5 more
2019-06-11 16:35:37.810+0000 INFO  Neo4j Server shutdown initiated by request
2019-06-11 16:40:21.990+0000 INFO  ======== Neo4j 3.4.1 ========
2019-06-11 16:40:22.053+0000 INFO  Starting...
2019-06-11 16:40:24.812+0000 INFO  Bolt enabled on localhost:7472.
2019-06-11 16:40:27.847+0000 INFO  Started.
2019-06-11 16:40:29.367+0000 ERROR Failed to start Neo4j on localhost:7474: Address localhost:7474 is already in use, cannot bind to it.
2019-06-11 16:40:29.401+0000 INFO  Stopping...
2019-06-11 16:40:29.463+0000 INFO  Stopped.
2019-06-11 16:40:29.466+0000 ERROR Failed to start Neo4j: Starting Neo4j failed: Component 'org.neo4j.server.AbstractNeoServer$ServerComponentsLifecycleAdapter@e3275d3' was successfully initialized, but failed to start. Please see the attached cause exception "Address localhost:7474 is already in use, cannot bind to it.". Starting Neo4j failed: Component 'org.neo4j.server.AbstractNeoServer$ServerComponentsLifecycleAdapter@e3275d3' was successfully initialized, but failed to start. Please see the attached cause exception "Address localhost:7474 is already in use, cannot bind to it.".
org.neo4j.server.ServerStartupException: Starting Neo4j failed: Component 'org.neo4j.server.AbstractNeoServer$ServerComponentsLifecycleAdapter@e3275d3' was successfully initialized, but failed to start. Please see the attached cause exception "Address localhost:7474 is already in use, cannot bind to it.".
	at org.neo4j.server.exception.ServerStartupErrors.translateToServerStartupError(ServerStartupErrors.java:68)
	at org.neo4j.server.AbstractNeoServer.start(AbstractNeoServer.java:220)
	at org.neo4j.server.ServerBootstrapper.start(ServerBootstrapper.java:111)
	at org.neo4j.server.ServerBootstrapper.start(ServerBootstrapper.java:79)
	at org.neo4j.server.CommunityEntryPoint.main(CommunityEntryPoint.java:32)
Caused by: org.neo4j.kernel.lifecycle.LifecycleException: Component 'org.neo4j.server.AbstractNeoServer$ServerComponentsLifecycleAdapter@e3275d3' was successfully initialized, but failed to start. Please see the attached cause exception "Address localhost:7474 is already in use, cannot bind to it.".
	at org.neo4j.kernel.lifecycle.LifeSupport$LifecycleInstance.start(LifeSupport.java:466)
	at org.neo4j.kernel.lifecycle.LifeSupport.start(LifeSupport.java:107)
	at org.neo4j.server.AbstractNeoServer.start(AbstractNeoServer.java:212)
	... 3 more
Caused by: org.neo4j.helpers.PortBindException: Address localhost:7474 is already in use, cannot bind to it.
	at sun.nio.ch.Net.bind0(Native Method)
	at sun.nio.ch.Net.bind(Net.java:433)
	at sun.nio.ch.Net.bind(Net.java:425)
	at sun.nio.ch.ServerSocketChannelImpl.bind(ServerSocketChannelImpl.java:223)
	at sun.nio.ch.ServerSocketAdaptor.bind(ServerSocketAdaptor.java:74)
	at org.eclipse.jetty.server.ServerConnector.openAcceptChannel(ServerConnector.java:334)
	at org.eclipse.jetty.server.ServerConnector.open(ServerConnector.java:302)
	at org.eclipse.jetty.server.AbstractNetworkConnector.doStart(AbstractNetworkConnector.java:80)
	at org.eclipse.jetty.server.ServerConnector.doStart(ServerConnector.java:238)
	at org.eclipse.jetty.util.component.AbstractLifeCycle.start(AbstractLifeCycle.java:68)
	at org.eclipse.jetty.server.Server.doStart(Server.java:397)
	at org.eclipse.jetty.util.component.AbstractLifeCycle.start(AbstractLifeCycle.java:68)
	at org.neo4j.server.web.Jetty9WebServer.startJetty(Jetty9WebServer.java:320)
	at org.neo4j.server.web.Jetty9WebServer.start(Jetty9WebServer.java:152)
	at org.neo4j.server.AbstractNeoServer.startWebServer(AbstractNeoServer.java:321)
	at org.neo4j.server.AbstractNeoServer.access$700(AbstractNeoServer.java:102)
	at org.neo4j.server.AbstractNeoServer$ServerComponentsLifecycleAdapter.start(AbstractNeoServer.java:527)
	at org.neo4j.kernel.lifecycle.LifeSupport$LifecycleInstance.start(LifeSupport.java:445)
	... 5 more
2019-06-11 16:40:29.467+0000 INFO  Neo4j Server shutdown initiated by request
2019-06-11 17:17:31.673+0000 INFO  ======== Neo4j 3.4.1 ========
2019-06-11 17:17:31.740+0000 INFO  Starting...
2019-06-11 17:17:34.339+0000 INFO  Bolt enabled on localhost:7472.
2019-06-11 17:17:36.694+0000 INFO  Started.
2019-06-11 17:17:37.849+0000 ERROR Failed to start Neo4j on localhost:7474: Address localhost:7474 is already in use, cannot bind to it.
2019-06-11 17:17:37.864+0000 INFO  Stopping...
2019-06-11 17:17:37.919+0000 INFO  Stopped.
2019-06-11 17:17:37.922+0000 ERROR Failed to start Neo4j: Starting Neo4j failed: Component 'org.neo4j.server.AbstractNeoServer$ServerComponentsLifecycleAdapter@107ebdad' was successfully initialized, but failed to start. Please see the attached cause exception "Address localhost:7474 is already in use, cannot bind to it.". Starting Neo4j failed: Component 'org.neo4j.server.AbstractNeoServer$ServerComponentsLifecycleAdapter@107ebdad' was successfully initialized, but failed to start. Please see the attached cause exception "Address localhost:7474 is already in use, cannot bind to it.".
org.neo4j.server.ServerStartupException: Starting Neo4j failed: Component 'org.neo4j.server.AbstractNeoServer$ServerComponentsLifecycleAdapter@107ebdad' was successfully initialized, but failed to start. Please see the attached cause exception "Address localhost:7474 is already in use, cannot bind to it.".
	at org.neo4j.server.exception.ServerStartupErrors.translateToServerStartupError(ServerStartupErrors.java:68)
	at org.neo4j.server.AbstractNeoServer.start(AbstractNeoServer.java:220)
	at org.neo4j.server.ServerBootstrapper.start(ServerBootstrapper.java:111)
	at org.neo4j.server.ServerBootstrapper.start(ServerBootstrapper.java:79)
	at org.neo4j.server.CommunityEntryPoint.main(CommunityEntryPoint.java:32)
Caused by: org.neo4j.kernel.lifecycle.LifecycleException: Component 'org.neo4j.server.AbstractNeoServer$ServerComponentsLifecycleAdapter@107ebdad' was successfully initialized, but failed to start. Please see the attached cause exception "Address localhost:7474 is already in use, cannot bind to it.".
	at org.neo4j.kernel.lifecycle.LifeSupport$LifecycleInstance.start(LifeSupport.java:466)
	at org.neo4j.kernel.lifecycle.LifeSupport.start(LifeSupport.java:107)
	at org.neo4j.server.AbstractNeoServer.start(AbstractNeoServer.java:212)
	... 3 more
Caused by: org.neo4j.helpers.PortBindException: Address localhost:7474 is already in use, cannot bind to it.
	at sun.nio.ch.Net.bind0(Native Method)
	at sun.nio.ch.Net.bind(Net.java:433)
	at sun.nio.ch.Net.bind(Net.java:425)
	at sun.nio.ch.ServerSocketChannelImpl.bind(ServerSocketChannelImpl.java:223)
	at sun.nio.ch.ServerSocketAdaptor.bind(ServerSocketAdaptor.java:74)
	at org.eclipse.jetty.server.ServerConnector.openAcceptChannel(ServerConnector.java:334)
	at org.eclipse.jetty.server.ServerConnector.open(ServerConnector.java:302)
	at org.eclipse.jetty.server.AbstractNetworkConnector.doStart(AbstractNetworkConnector.java:80)
	at org.eclipse.jetty.server.ServerConnector.doStart(ServerConnector.java:238)
	at org.eclipse.jetty.util.component.AbstractLifeCycle.start(AbstractLifeCycle.java:68)
	at org.eclipse.jetty.server.Server.doStart(Server.java:397)
	at org.eclipse.jetty.util.component.AbstractLifeCycle.start(AbstractLifeCycle.java:68)
	at org.neo4j.server.web.Jetty9WebServer.startJetty(Jetty9WebServer.java:320)
	at org.neo4j.server.web.Jetty9WebServer.start(Jetty9WebServer.java:152)
	at org.neo4j.server.AbstractNeoServer.startWebServer(AbstractNeoServer.java:321)
	at org.neo4j.server.AbstractNeoServer.access$700(AbstractNeoServer.java:102)
	at org.neo4j.server.AbstractNeoServer$ServerComponentsLifecycleAdapter.start(AbstractNeoServer.java:527)
	at org.neo4j.kernel.lifecycle.LifeSupport$LifecycleInstance.start(LifeSupport.java:445)
	... 5 more
2019-06-11 17:17:37.922+0000 INFO  Neo4j Server shutdown initiated by request
2019-06-11 17:19:10.049+0000 INFO  ======== Neo4j 3.4.1 ========
2019-06-11 17:19:10.090+0000 INFO  Starting...
2019-06-11 17:19:11.760+0000 INFO  Bolt enabled on localhost:7472.
2019-06-11 17:19:13.507+0000 INFO  Started.
2019-06-11 17:19:14.380+0000 ERROR Failed to start Neo4j on localhost:7474: Address localhost:7474 is already in use, cannot bind to it.
2019-06-11 17:19:14.390+0000 INFO  Stopping...
2019-06-11 17:19:14.435+0000 INFO  Stopped.
2019-06-11 17:19:14.437+0000 ERROR Failed to start Neo4j: Starting Neo4j failed: Component 'org.neo4j.server.AbstractNeoServer$ServerComponentsLifecycleAdapter@107ebdad' was successfully initialized, but failed to start. Please see the attached cause exception "Address localhost:7474 is already in use, cannot bind to it.". Starting Neo4j failed: Component 'org.neo4j.server.AbstractNeoServer$ServerComponentsLifecycleAdapter@107ebdad' was successfully initialized, but failed to start. Please see the attached cause exception "Address localhost:7474 is already in use, cannot bind to it.".
org.neo4j.server.ServerStartupException: Starting Neo4j failed: Component 'org.neo4j.server.AbstractNeoServer$ServerComponentsLifecycleAdapter@107ebdad' was successfully initialized, but failed to start. Please see the attached cause exception "Address localhost:7474 is already in use, cannot bind to it.".
	at org.neo4j.server.exception.ServerStartupErrors.translateToServerStartupError(ServerStartupErrors.java:68)
	at org.neo4j.server.AbstractNeoServer.start(AbstractNeoServer.java:220)
	at org.neo4j.server.ServerBootstrapper.start(ServerBootstrapper.java:111)
	at org.neo4j.server.ServerBootstrapper.start(ServerBootstrapper.java:79)
	at org.neo4j.server.CommunityEntryPoint.main(CommunityEntryPoint.java:32)
Caused by: org.neo4j.kernel.lifecycle.LifecycleException: Component 'org.neo4j.server.AbstractNeoServer$ServerComponentsLifecycleAdapter@107ebdad' was successfully initialized, but failed to start. Please see the attached cause exception "Address localhost:7474 is already in use, cannot bind to it.".
	at org.neo4j.kernel.lifecycle.LifeSupport$LifecycleInstance.start(LifeSupport.java:466)
	at org.neo4j.kernel.lifecycle.LifeSupport.start(LifeSupport.java:107)
	at org.neo4j.server.AbstractNeoServer.start(AbstractNeoServer.java:212)
	... 3 more
Caused by: org.neo4j.helpers.PortBindException: Address localhost:7474 is already in use, cannot bind to it.
	at sun.nio.ch.Net.bind0(Native Method)
	at sun.nio.ch.Net.bind(Net.java:433)
	at sun.nio.ch.Net.bind(Net.java:425)
	at sun.nio.ch.ServerSocketChannelImpl.bind(ServerSocketChannelImpl.java:223)
	at sun.nio.ch.ServerSocketAdaptor.bind(ServerSocketAdaptor.java:74)
	at org.eclipse.jetty.server.ServerConnector.openAcceptChannel(ServerConnector.java:334)
	at org.eclipse.jetty.server.ServerConnector.open(ServerConnector.java:302)
	at org.eclipse.jetty.server.AbstractNetworkConnector.doStart(AbstractNetworkConnector.java:80)
	at org.eclipse.jetty.server.ServerConnector.doStart(ServerConnector.java:238)
	at org.eclipse.jetty.util.component.AbstractLifeCycle.start(AbstractLifeCycle.java:68)
	at org.eclipse.jetty.server.Server.doStart(Server.java:397)
	at org.eclipse.jetty.util.component.AbstractLifeCycle.start(AbstractLifeCycle.java:68)
	at org.neo4j.server.web.Jetty9WebServer.startJetty(Jetty9WebServer.java:320)
	at org.neo4j.server.web.Jetty9WebServer.start(Jetty9WebServer.java:152)
	at org.neo4j.server.AbstractNeoServer.startWebServer(AbstractNeoServer.java:321)
	at org.neo4j.server.AbstractNeoServer.access$700(AbstractNeoServer.java:102)
	at org.neo4j.server.AbstractNeoServer$ServerComponentsLifecycleAdapter.start(AbstractNeoServer.java:527)
	at org.neo4j.kernel.lifecycle.LifeSupport$LifecycleInstance.start(LifeSupport.java:445)
	... 5 more
2019-06-11 17:19:14.439+0000 INFO  Neo4j Server shutdown initiated by request
